app/build/intermediates/manifest_merge_blame_file/release/manifest-merger-blame-release-report.txt
1<?xml version="1.0" encoding="utf-8"?>
2<manifest xmlns:android="http://schemas.android.com/apk/res/android"
3    package="com.gic.giccourses"
4    android:versionCode="6"
5    android:versionName="1.0.6" >
6
7    <uses-sdk
8        android:minSdkVersion="23"
8-->src\main\AndroidManifest.xml
9        android:targetSdkVersion="29" />
9-->src\main\AndroidManifest.xml
10
11    <uses-permission android:name="android.permission.INTERNET" />
11-->src\main\AndroidManifest.xml:6:5-67
11-->src\main\AndroidManifest.xml:6:22-64
12    <uses-permission android:name="android.permission.ACCESS_NETWORK_STATE" />
12-->src\main\AndroidManifest.xml:7:5-79
12-->src\main\AndroidManifest.xml:7:22-76
13    <uses-permission android:name="android.permission.READ_EXTERNAL_STORAGE" />
13-->src\main\AndroidManifest.xml:8:5-80
13-->src\main\AndroidManifest.xml:8:22-77
14    <uses-permission android:name="android.permission.WRITE_EXTERNAL_STORAGE" />
14-->src\main\AndroidManifest.xml:9:5-81
14-->src\main\AndroidManifest.xml:9:22-78
15    <uses-permission android:name="android.permission.WAKE_LOCK" />
15-->[net.gotev:uploadservice:3.5.2] AndroidManifest.xml:14:5-68
15-->[net.gotev:uploadservice:3.5.2] AndroidManifest.xml:14:22-65
16    <uses-permission android:name="android.permission.FOREGROUND_SERVICE" />
16-->[net.gotev:uploadservice:3.5.2] AndroidManifest.xml:15:5-77
16-->[net.gotev:uploadservice:3.5.2] AndroidManifest.xml:15:22-74
17
18    <application
18-->src\main\AndroidManifest.xml:11:5-71:19
19        android:allowBackup="true"
19-->src\main\AndroidManifest.xml:12:9-35
20        android:appComponentFactory="androidx.core.app.CoreComponentFactory"
20-->[androidx.core:core:1.0.1] AndroidManifest.xml:22:18-86
21        android:extractNativeLibs="false"
22        android:hardwareAccelerated="true"
22-->src\main\AndroidManifest.xml:13:9-43
23        android:icon="@mipmap/ic_launcher"
23-->src\main\AndroidManifest.xml:14:9-43
24        android:label="@string/app_name"
24-->src\main\AndroidManifest.xml:15:9-41
25        android:roundIcon="@mipmap/ic_launcher_round"
25-->src\main\AndroidManifest.xml:16:9-54
26        android:supportsRtl="true"
26-->src\main\AndroidManifest.xml:17:9-35
27        android:theme="@style/AppTheme"
27-->src\main\AndroidManifest.xml:18:9-40
28        android:usesCleartextTraffic="true" >
28-->src\main\AndroidManifest.xml:19:9-44
29        <activity android:name="com.gic.giccourses.Activities.CoursePurchaseActivity" />
29-->src\main\AndroidManifest.xml:20:9-89
29-->src\main\AndroidManifest.xml:20:19-86
30        <activity
30-->src\main\AndroidManifest.xml:21:9-24:52
31            android:name="com.gic.giccourses.Activities.ChangePasswordActivity"
31-->src\main\AndroidManifest.xml:22:13-80
32            android:noHistory="true"
32-->src\main\AndroidManifest.xml:23:13-37
33            android:screenOrientation="portrait" />
33-->src\main\AndroidManifest.xml:24:13-49
34        <activity
34-->src\main\AndroidManifest.xml:25:9-27:52
35            android:name="com.gic.giccourses.Activities.EditProfileActivity"
35-->src\main\AndroidManifest.xml:26:13-77
36            android:screenOrientation="portrait" />
36-->src\main\AndroidManifest.xml:27:13-49
37        <activity
37-->src\main\AndroidManifest.xml:28:9-31:52
38            android:name="com.gic.giccourses.Activities.QuizActivity"
38-->src\main\AndroidManifest.xml:29:13-70
39            android:noHistory="true"
39-->src\main\AndroidManifest.xml:30:13-37
40            android:screenOrientation="portrait" />
40-->src\main\AndroidManifest.xml:31:13-49
41        <activity
41-->src\main\AndroidManifest.xml:32:9-34:52
42            android:name="com.gic.giccourses.Activities.LessonActivity"
42-->src\main\AndroidManifest.xml:33:13-72
43            android:screenOrientation="portrait" />
43-->src\main\AndroidManifest.xml:34:13-49
44        <activity
44-->src\main\AndroidManifest.xml:35:9-38:52
45            android:name="com.gic.giccourses.Activities.SignInActivity"
45-->src\main\AndroidManifest.xml:36:13-72
46            android:noHistory="true"
46-->src\main\AndroidManifest.xml:37:13-37
47            android:screenOrientation="portrait" /> <!-- No History true means it will not let you go back to this activity... thats cool -->
47-->src\main\AndroidManifest.xml:38:13-49
48        <activity
48-->src\main\AndroidManifest.xml:39:9-48:20
49            android:name="com.gic.giccourses.Activities.LauncherActivity"
49-->src\main\AndroidManifest.xml:40:13-74
50            android:noHistory="true"
50-->src\main\AndroidManifest.xml:41:13-37
51            android:screenOrientation="portrait" >
51-->src\main\AndroidManifest.xml:42:13-49
52            <intent-filter>
52-->src\main\AndroidManifest.xml:43:13-47:29
53                <action android:name="android.intent.action.MAIN" />
53-->src\main\AndroidManifest.xml:44:17-69
53-->src\main\AndroidManifest.xml:44:25-66
54
55                <category android:name="android.intent.category.LAUNCHER" />
55-->src\main\AndroidManifest.xml:46:17-77
55-->src\main\AndroidManifest.xml:46:27-74
56            </intent-filter>
57        </activity>
58        <activity
58-->src\main\AndroidManifest.xml:49:9-52:45
59            android:name="com.gic.giccourses.Activities.BottomNavigationActivity"
59-->src\main\AndroidManifest.xml:50:13-82
60            android:screenOrientation="portrait" />
60-->src\main\AndroidManifest.xml:51:13-49
61        <activity
61-->src\main\AndroidManifest.xml:53:9-56:53
62            android:name="com.gic.giccourses.Activities.PopUpActivity"
62-->src\main\AndroidManifest.xml:54:13-71
63            android:screenOrientation="portrait"
63-->src\main\AndroidManifest.xml:55:13-49
64            android:theme="@style/AppTheme.PopUp" />
64-->src\main\AndroidManifest.xml:56:13-50
65        <activity
65-->src\main\AndroidManifest.xml:57:9-60:74
66            android:name="com.gic.giccourses.Activities.FullScreenLessonPlayerActivity"
66-->src\main\AndroidManifest.xml:58:13-88
67            android:screenOrientation="landscape"
67-->src\main\AndroidManifest.xml:59:13-50
68            android:theme="@android:style/Theme.NoTitleBar.Fullscreen" />
68-->src\main\AndroidManifest.xml:60:13-71
69        <activity
69-->src\main\AndroidManifest.xml:61:9-63:52
70            android:name="com.gic.giccourses.Activities.CourseDetailsActivity"
70-->src\main\AndroidManifest.xml:62:13-79
71            android:screenOrientation="portrait" />
71-->src\main\AndroidManifest.xml:63:13-49
72        <activity
72-->src\main\AndroidManifest.xml:64:9-66:52
73            android:name="com.gic.giccourses.Activities.CoursesActivity"
73-->src\main\AndroidManifest.xml:65:13-73
74            android:screenOrientation="portrait" />
74-->src\main\AndroidManifest.xml:66:13-49
75        <activity
75-->src\main\AndroidManifest.xml:67:9-70:52
76            android:name="com.gic.giccourses.Activities.MainActivity"
76-->src\main\AndroidManifest.xml:68:13-70
77            android:label="@string/app_name"
77-->src\main\AndroidManifest.xml:69:13-45
78            android:screenOrientation="portrait" />
78-->src\main\AndroidManifest.xml:70:13-49
79
80        <service
80-->[net.gotev:uploadservice:3.5.2] AndroidManifest.xml:18:9-22:19
81            android:name="net.gotev.uploadservice.UploadService"
81-->[net.gotev:uploadservice:3.5.2] AndroidManifest.xml:19:13-65
82            android:enabled="true"
82-->[net.gotev:uploadservice:3.5.2] AndroidManifest.xml:20:13-35
83            android:exported="false" >
83-->[net.gotev:uploadservice:3.5.2] AndroidManifest.xml:21:13-37
84        </service>
85    </application>
86
87</manifest>